{"message":"Cannot read property '_id' of null","level":"error","service":"user-service"}
{"message":"Token is missing","level":"error","service":"user-service"}
{"message":"data is not defined","level":"error","service":"user-service"}
{"message":"Operation `jobs.find()` buffering timed out after 10000ms","level":"error","service":"user-service"}
{"message":"Operation `jobs.find()` buffering timed out after 10000ms","level":"error","service":"user-service"}
{"message":"Operation `jobs.find()` buffering timed out after 10000ms","level":"error","service":"user-service"}
{"message":"Invalid File type","level":"error","service":"user-service"}
{"message":"Invalid File type","level":"error","service":"user-service"}
{"message":"Invalid File type","level":"error","service":"user-service"}
{"message":"The \"path\" argument must be of type string. Received undefined","level":"error","service":"user-service"}
{"message":"The \"path\" argument must be of type string. Received undefined","level":"error","service":"user-service"}
{"message":"Invalid File type","level":"error","service":"user-service"}
{"message":"Invalid File type","level":"error","service":"user-service"}
{"message":"The \"path\" argument must be of type string. Received undefined","level":"error","service":"user-service"}
{"message":"Cannot read property 'name' of undefined","level":"error","service":"user-service"}
{"message":"Could not connect to any servers in your MongoDB Atlas cluster. One common reason is that you're trying to access the database from an IP that isn't whitelisted. Make sure your current IP address is on your Atlas cluster's IP whitelist: https://docs.atlas.mongodb.com/security-whitelist/","level":"error","service":"user-service"}
{"message":"Could not connect to any servers in your MongoDB Atlas cluster. One common reason is that you're trying to access the database from an IP that isn't whitelisted. Make sure your current IP address is on your Atlas cluster's IP whitelist: https://docs.atlas.mongodb.com/security-whitelist/","level":"error","service":"user-service"}
{"message":"Could not connect to any servers in your MongoDB Atlas cluster. One common reason is that you're trying to access the database from an IP that isn't whitelisted. Make sure your current IP address is on your Atlas cluster's IP whitelist: https://docs.atlas.mongodb.com/security-whitelist/","level":"error","service":"user-service"}
{"message":"Could not connect to any servers in your MongoDB Atlas cluster. One common reason is that you're trying to access the database from an IP that isn't whitelisted. Make sure your current IP address is on your Atlas cluster's IP whitelist: https://docs.atlas.mongodb.com/security-whitelist/","level":"error","service":"user-service"}
{"message":"Could not connect to any servers in your MongoDB Atlas cluster. One common reason is that you're trying to access the database from an IP that isn't whitelisted. Make sure your current IP address is on your Atlas cluster's IP whitelist: https://docs.atlas.mongodb.com/security-whitelist/","level":"error","service":"user-service"}
{"message":"Could not connect to any servers in your MongoDB Atlas cluster. One common reason is that you're trying to access the database from an IP that isn't whitelisted. Make sure your current IP address is on your Atlas cluster's IP whitelist: https://docs.atlas.mongodb.com/security-whitelist/","level":"error","service":"user-service"}
{"message":"Could not connect to any servers in your MongoDB Atlas cluster. One common reason is that you're trying to access the database from an IP that isn't whitelisted. Make sure your current IP address is on your Atlas cluster's IP whitelist: https://docs.atlas.mongodb.com/security-whitelist/","level":"error","service":"user-service"}
{"message":"Could not connect to any servers in your MongoDB Atlas cluster. One common reason is that you're trying to access the database from an IP that isn't whitelisted. Make sure your current IP address is on your Atlas cluster's IP whitelist: https://docs.atlas.mongodb.com/security-whitelist/","level":"error","service":"user-service"}
{"message":"Could not connect to any servers in your MongoDB Atlas cluster. One common reason is that you're trying to access the database from an IP that isn't whitelisted. Make sure your current IP address is on your Atlas cluster's IP whitelist: https://docs.atlas.mongodb.com/security-whitelist/","level":"error","service":"user-service"}
{"message":"Could not connect to any servers in your MongoDB Atlas cluster. One common reason is that you're trying to access the database from an IP that isn't whitelisted. Make sure your current IP address is on your Atlas cluster's IP whitelist: https://docs.atlas.mongodb.com/security-whitelist/","level":"error","service":"user-service"}
{"message":"Could not connect to any servers in your MongoDB Atlas cluster. One common reason is that you're trying to access the database from an IP that isn't whitelisted. Make sure your current IP address is on your Atlas cluster's IP whitelist: https://docs.atlas.mongodb.com/security-whitelist/","level":"error","service":"user-service"}
{"message":"Could not connect to any servers in your MongoDB Atlas cluster. One common reason is that you're trying to access the database from an IP that isn't whitelisted. Make sure your current IP address is on your Atlas cluster's IP whitelist: https://docs.atlas.mongodb.com/security-whitelist/","level":"error","service":"user-service"}
{"message":"Could not connect to any servers in your MongoDB Atlas cluster. One common reason is that you're trying to access the database from an IP that isn't whitelisted. Make sure your current IP address is on your Atlas cluster's IP whitelist: https://docs.atlas.mongodb.com/security-whitelist/","level":"error","service":"user-service"}
{"message":"Could not connect to any servers in your MongoDB Atlas cluster. One common reason is that you're trying to access the database from an IP that isn't whitelisted. Make sure your current IP address is on your Atlas cluster's IP whitelist: https://docs.atlas.mongodb.com/security-whitelist/","level":"error","service":"user-service"}
{"message":"Operation `jobs.find()` buffering timed out after 10000ms","level":"error","service":"user-service"}
{"message":"Operation `jobs.find()` buffering timed out after 10000ms","level":"error","service":"user-service"}
{"message":"Operation `jobs.find()` buffering timed out after 10000ms","level":"error","service":"user-service"}
{"message":"Job validation failed: title: Path `title` is required., description: Path `description` is required.","level":"error","service":"user-service"}
{"message":"Could not connect to any servers in your MongoDB Atlas cluster. One common reason is that you're trying to access the database from an IP that isn't whitelisted. Make sure your current IP address is on your Atlas cluster's IP whitelist: https://docs.atlas.mongodb.com/security-whitelist/","level":"error","service":"user-service"}
{"message":"getaddrinfo ENOTFOUND cluster0-shard-00-01.opppp.mongodb.net","level":"error","service":"user-service"}
{"message":"getaddrinfo ENOTFOUND cluster0-shard-00-01.opppp.mongodb.net","level":"error","service":"user-service"}
{"message":"getaddrinfo ENOTFOUND cluster0-shard-00-01.opppp.mongodb.net","level":"error","service":"user-service"}
{"message":"Student_Application validation failed: applicationDetails: Cast to embedded failed for value \"`'{\"intendedDegree\":\"\",\"propoosedStartDate\":\"\",\"tutionFeeMode\":\"\",\"sponser\":\"\"}'`\" (type string) at path \"applicationDetails\", educationDetails: Cast to embedded failed for value \"`'[{\"instituteName\":\"\",\"country\":\"\",\"attendedFrom\":\"\"}]'`\" (type string) at path \"educationDetails\", educationQualification: Cast to embedded failed for value \"`'[{\"subject\":\"\",\"level\":\"\",\"grade\":\"\",\"date\":\"\"}]'`\" (type string) at path \"educationQualification\", englishProficiency: Cast to embedded failed for value \"`'[{\"certificateName\":\"\",\"grade\":\"\",\"date\":\"\"}]'`\" (type string) at path \"englishProficiency\", guardian: Cast to embedded failed for value \"`'{\"guardianName\":\"\",\"guardianRelationship\":\"\",\"guardianContact\":\"\",\"guardianAddress\":\"\"}'`\" (type string) at path \"guardian\", homeAddress: Cast to embedded failed for value \"`'{\"streetAddressLine1\":\"\",\"streetAddressLine2\":\"\",\"city\":\"\",\"stateOrProvince\":\"\",\"postalCode\":\"\",\"country\":\"\"}'`\" (type string) at path \"homeAddress\", name: Cast to embedded failed for value \"`'{\"firstName\":\"\",\"lastName\":\"\",\"middleName\":\"\"}'`\" (type string) at path \"name\"","level":"error","service":"user-service"}
{"message":"Cannot access 'declaration' before initialization","level":"error","service":"user-service"}
{"message":"Cannot access 'declaration' before initialization","level":"error","service":"user-service"}
{"message":"Student_Application validation failed: applicationDetails: Cast to embedded failed for value \"`'{\"intendedDegree\":\"no\",\"propoosedStartDate\":\"2022\",\"tutionFeeMode\":\"Self-Funded\",\"sponser\":\"Ammar Bin Rizwan\"}'`\" (type string) at path \"applicationDetails\", educationDetails: Cast to embedded failed for value \"`'[{\"instituteName\":\"Pakistan\",\"country\":\"Pakistan\",\"attendedFrom\":\"Pakistan\"}]'`\" (type string) at path \"educationDetails\", educationQualification: Cast to embedded failed for value \"`'[{\"subject\":\"abc\",\"level\":\"d;ksdlsaj\",\"grade\":\"ljj\",\"date\":\"ijoiu\"}]'`\" (type string) at path \"educationQualification\", englishProficiency: Cast to embedded failed for value \"`'[{\"certificateName\":\"kljlk\",\"grade\":\"jljhlh\",\"date\":\"lhl\"}]'`\" (type string) at path \"englishProficiency\", guardian: Cast to embedded failed for value \"`'{\"guardianName\":\"rizwan\",\"guardianRelationship\":\"father\",\"guardianContact\":3335116430,\"guardianAddress\":\"DHA 1, Bahria Town\"}'`\" (type string) at path \"guardian\", homeAddress: Cast to embedded failed for value \"`'{\"streetAddressLine1\":\"DHA 1, Bahria Town\",\"streetAddressLine2\":\"DHA 1, Bahria Town\",\"city\":\"Rawalpindi\",\"stateOrProvince\":\"punjab\",\"postalCode\":\"45000\",\"country\":\"Pakistan\"}'`\" (type string) at path \"homeAddress\", name: Cast to embedded failed for value \"`'{\"firstName\":\"Ammar\",\"lastName\":\"Rizwan\",\"middleName\":\"Bin\"}'`\" (type string) at path \"name\"","level":"error","service":"user-service"}
{"message":"Student_Application validation failed: applicationDetails: Cast to embedded failed for value \"`'{\"intendedDegree\":\"no\",\"propoosedStartDate\":\"no\",\"tutionFeeMode\":\"Government Scholarship\",\"sponser\":\"no\"}'`\" (type string) at path \"applicationDetails\", educationDetails: Cast to embedded failed for value \"`'[{\"instituteName\":\"Pakistan\",\"country\":\"Pakistan\",\"attendedFrom\":\"Pakistan\"}]'`\" (type string) at path \"educationDetails\", educationQualification: Cast to embedded failed for value \"`'[{\"subject\":\"kljlj\",\"level\":\"kj\",\"grade\":\"lhlh\",\"date\":\"lhlh\"}]'`\" (type string) at path \"educationQualification\", englishProficiency: Cast to embedded failed for value \"`'[{\"certificateName\":\"lhljh\",\"grade\":\"kjhkjh\",\"date\":\"kjhkjh\"}]'`\" (type string) at path \"englishProficiency\", guardian: Cast to embedded failed for value \"`'{\"guardianName\":\"rizwan\",\"guardianRelationship\":\"father\",\"guardianContact\":54545,\"guardianAddress\":\"\"}'`\" (type string) at path \"guardian\", homeAddress: Cast to embedded failed for value \"`'{\"streetAddressLine1\":\"DHA, Bahria Town 7\",\"streetAddressLine2\":\"DHA, Bahria Town 7\",\"city\":\"Rawalpindi\",\"stateOrProvince\":\"punjab\",\"postalCode\":\"45000\",\"country\":\"Albania\"}'`\" (type string) at path \"homeAddress\", name: Cast to embedded failed for value \"`'{\"firstName\":\"Ammar\",\"lastName\":\"Rizwan\",\"middleName\":\"Bin\"}'`\" (type string) at path \"name\"","level":"error","service":"user-service"}
{"message":"Student_Application validation failed: applicationDetails: Cast to embedded failed for value \"`'{\"intendedDegree\":\"s\",\"propoosedStartDate\":\"s\",\"tutionFeeMode\":\"Government Scholarship\",\"sponser\":\"Ammar Bin Rizwan\"}'`\" (type string) at path \"applicationDetails\", educationDetails: Cast to embedded failed for value \"`'[{\"instituteName\":\"aaaa\",\"country\":\"uuyu\",\"attendedFrom\":\"yuyu\"}]'`\" (type string) at path \"educationDetails\", educationQualification: Cast to embedded failed for value \"`'[{\"subject\":\"yuy\",\"level\":\"uyu\",\"grade\":\"yuyu\",\"date\":\"yuy\"}]'`\" (type string) at path \"educationQualification\", englishProficiency: Cast to embedded failed for value \"`'[{\"certificateName\":\"uy\",\"grade\":\"uyu\",\"date\":\"yuy\"}]'`\" (type string) at path \"englishProficiency\", guardian: Cast to embedded failed for value \"`'{\"guardianName\":\"rizwan\",\"guardianRelationship\":\"father\",\"guardianContact\":64,\"guardianAddress\":\"House 1371-B, Street 68, DHA 1 Sector-F, Bahria Town 7\"}'`\" (type string) at path \"guardian\", homeAddress: Cast to embedded failed for value \"`'{\"streetAddressLine1\":\"House 1371-B, Street 68, DHA 1 Sector-F, Bahria Town 7\",\"streetAddressLine2\":\"House 1371-B, Street 68, DHA 1 Sector-F, Bahria Town 7\",\"city\":\"Rawalpindi\",\"stateOrProvince\":\"punjab\",\"postalCode\":\"45000\",\"country\":\"Angola\"}'`\" (type string) at path \"homeAddress\", name: Cast to embedded failed for value \"`'{\"firstName\":\"Ammar\",\"lastName\":\"Rizwan\",\"middleName\":\"Bin\"}'`\" (type string) at path \"name\"","level":"error","service":"user-service"}
{"message":"Student_Application validation failed: applicationDetails: Cast to embedded failed for value \"`'{\"intendedDegree\":\"s\",\"propoosedStartDate\":\"s\",\"tutionFeeMode\":\"Government Scholarship\",\"sponser\":\"Ammar Bin Rizwan\"}'`\" (type string) at path \"applicationDetails\", educationDetails: Cast to embedded failed for value \"`'[{\"instituteName\":\"aaaa\",\"country\":\"uuyu\",\"attendedFrom\":\"yuyu\"}]'`\" (type string) at path \"educationDetails\", educationQualification: Cast to embedded failed for value \"`'[{\"subject\":\"yuy\",\"level\":\"uyu\",\"grade\":\"yuyu\",\"date\":\"yuy\"}]'`\" (type string) at path \"educationQualification\", englishProficiency: Cast to embedded failed for value \"`'[{\"certificateName\":\"uy\",\"grade\":\"uyu\",\"date\":\"yuy\"}]'`\" (type string) at path \"englishProficiency\", guardian: Cast to embedded failed for value \"`'{\"guardianName\":\"rizwan\",\"guardianRelationship\":\"father\",\"guardianContact\":64,\"guardianAddress\":\"House 1371-B, Street 68, DHA 1 Sector-F, Bahria Town 7\"}'`\" (type string) at path \"guardian\", homeAddress: Cast to embedded failed for value \"`'{\"streetAddressLine1\":\"House 1371-B, Street 68, DHA 1 Sector-F, Bahria Town 7\",\"streetAddressLine2\":\"House 1371-B, Street 68, DHA 1 Sector-F, Bahria Town 7\",\"city\":\"Rawalpindi\",\"stateOrProvince\":\"punjab\",\"postalCode\":\"45000\",\"country\":\"Angola\"}'`\" (type string) at path \"homeAddress\", name: Cast to embedded failed for value \"`'{\"firstName\":\"Ammar\",\"lastName\":\"Rizwan\",\"middleName\":\"Bin\"}'`\" (type string) at path \"name\"","level":"error","service":"user-service"}
{"message":"Unexpected token o in JSON at position 1","level":"error","service":"user-service"}
{"message":"Student_Application validation failed: applicationDetails: Cast to embedded failed for value \"`'{\"intendedDegree\":\"s\",\"propoosedStartDate\":\"s\",\"tutionFeeMode\":\"Government Scholarship\",\"sponser\":\"Ammar Bin Rizwan\"}'`\" (type string) at path \"applicationDetails\", educationDetails: Cast to embedded failed for value \"`'[{\"instituteName\":\"aaaa\",\"country\":\"uuyu\",\"attendedFrom\":\"yuyu\"}]'`\" (type string) at path \"educationDetails\", educationQualification: Cast to embedded failed for value \"`'[{\"subject\":\"yuy\",\"level\":\"uyu\",\"grade\":\"yuyu\",\"date\":\"yuy\"}]'`\" (type string) at path \"educationQualification\", englishProficiency: Cast to embedded failed for value \"`'[{\"certificateName\":\"uy\",\"grade\":\"uyu\",\"date\":\"yuy\"}]'`\" (type string) at path \"englishProficiency\", guardian: Cast to embedded failed for value \"`'{\"guardianName\":\"rizwan\",\"guardianRelationship\":\"father\",\"guardianContact\":64,\"guardianAddress\":\"House 1371-B, Street 68, DHA 1 Sector-F, Bahria Town 7\"}'`\" (type string) at path \"guardian\", homeAddress: Cast to embedded failed for value \"`'{\"streetAddressLine1\":\"House 1371-B, Street 68, DHA 1 Sector-F, Bahria Town 7\",\"streetAddressLine2\":\"House 1371-B, Street 68, DHA 1 Sector-F, Bahria Town 7\",\"city\":\"Rawalpindi\",\"stateOrProvince\":\"punjab\",\"postalCode\":\"45000\",\"country\":\"Angola\"}'`\" (type string) at path \"homeAddress\", name: Cast to embedded failed for value \"`'{\"firstName\":\"Ammar\",\"lastName\":\"Rizwan\",\"middleName\":\"Bin\"}'`\" (type string) at path \"name\"","level":"error","service":"user-service"}
{"message":"Student_Application validation failed: educationDetails: Cast to embedded failed for value \"`'[{\"instituteName\":\"aaaa\",\"country\":\"uuyu\",\"attendedFrom\":\"yuyu\"}]'`\" (type string) at path \"educationDetails\", educationQualification: Cast to embedded failed for value \"`'[{\"subject\":\"yuy\",\"level\":\"uyu\",\"grade\":\"yuyu\",\"date\":\"yuy\"}]'`\" (type string) at path \"educationQualification\", englishProficiency: Cast to embedded failed for value \"`'[{\"certificateName\":\"uy\",\"grade\":\"uyu\",\"date\":\"yuy\"}]'`\" (type string) at path \"englishProficiency\", guardian: Cast to embedded failed for value \"`'{\"guardianName\":\"rizwan\",\"guardianRelationship\":\"father\",\"guardianContact\":64,\"guardianAddress\":\"House 1371-B, Street 68, DHA 1 Sector-F, Bahria Town 7\"}'`\" (type string) at path \"guardian\", homeAddress: Cast to embedded failed for value \"`'{\"streetAddressLine1\":\"House 1371-B, Street 68, DHA 1 Sector-F, Bahria Town 7\",\"streetAddressLine2\":\"House 1371-B, Street 68, DHA 1 Sector-F, Bahria Town 7\",\"city\":\"Rawalpindi\",\"stateOrProvince\":\"punjab\",\"postalCode\":\"45000\",\"country\":\"Angola\"}'`\" (type string) at path \"homeAddress\", name: Cast to embedded failed for value \"`'{\"firstName\":\"Ammar\",\"lastName\":\"Rizwan\",\"middleName\":\"Bin\"}'`\" (type string) at path \"name\"","level":"error","service":"user-service"}
{"message":"Student_Application validation failed: englishProficiency: Cast to embedded failed for value \"`'[{\"certificateName\":\"uy\",\"grade\":\"uyu\",\"date\":\"yuy\"}]'`\" (type string) at path \"englishProficiency\", guardian: Cast to embedded failed for value \"`'{\"guardianName\":\"rizwan\",\"guardianRelationship\":\"father\",\"guardianContact\":64,\"guardianAddress\":\"House 1371-B, Street 68, DHA 1 Sector-F, Bahria Town 7\"}'`\" (type string) at path \"guardian\", homeAddress: Cast to embedded failed for value \"`'{\"streetAddressLine1\":\"House 1371-B, Street 68, DHA 1 Sector-F, Bahria Town 7\",\"streetAddressLine2\":\"House 1371-B, Street 68, DHA 1 Sector-F, Bahria Town 7\",\"city\":\"Rawalpindi\",\"stateOrProvince\":\"punjab\",\"postalCode\":\"45000\",\"country\":\"Angola\"}'`\" (type string) at path \"homeAddress\", name: Cast to embedded failed for value \"`'{\"firstName\":\"Ammar\",\"lastName\":\"Rizwan\",\"middleName\":\"Bin\"}'`\" (type string) at path \"name\"","level":"error","service":"user-service"}
{"message":"Cannot access 'data' before initialization","level":"error","service":"user-service"}
{"message":"Cannot access 'data' before initialization","level":"error","service":"user-service"}
{"message":"Cannot access 'data' before initialization","level":"error","service":"user-service"}
{"message":"Cannot access 'data' before initialization","level":"error","service":"user-service"}
{"message":"result is not defined","level":"error","service":"user-service"}
{"message":"result is not defined","level":"error","service":"user-service"}
{"message":"datad is not defined","level":"error","service":"user-service"}
{"message":"datad is not defined","level":"error","service":"user-service"}
{"message":"datad is not defined","level":"error","service":"user-service"}
{"message":"datad is not defined","level":"error","service":"user-service"}
{"message":"datad is not defined","level":"error","service":"user-service"}
{"message":"datad is not defined","level":"error","service":"user-service"}
{"message":"datad is not defined","level":"error","service":"user-service"}
{"message":"datad is not defined","level":"error","service":"user-service"}
{"message":"datad is not defined","level":"error","service":"user-service"}
{"message":"datad is not defined","level":"error","service":"user-service"}
{"message":"datad is not defined","level":"error","service":"user-service"}
{"message":"datad is not defined","level":"error","service":"user-service"}
{"message":"You Already Applied to this Job","level":"error","service":"user-service"}
{"message":"datad is not defined","level":"error","service":"user-service"}
{"message":"data is not defined","level":"error","service":"user-service"}
{"message":"data is not defined","level":"error","service":"user-service"}
{"message":"application is not defined","level":"error","service":"user-service"}
{"message":"contact validation failed: subject: Path `subject` is required., category: Path `category` is required., firstName: Path `firstName` is required., lastName: Path `lastName` is required., country: Path `country` is required., email: Path `email` is required.","level":"error","service":"user-service"}
{"message":"contact validation failed: category: Path `category` is required., firstName: Path `firstName` is required., lastName: Path `lastName` is required., country: Path `country` is required., email: Path `email` is required., subject: Path `subject` is required.","level":"error","service":"user-service"}
{"message":"contact validation failed: category: Path `category` is required., firstName: Path `firstName` is required., lastName: Path `lastName` is required., country: Path `country` is required., email: Path `email` is required., subject: Path `subject` is required.","level":"error","service":"user-service"}
{"message":"data is not defined","level":"error","service":"user-service"}
{"message":"data is not defined","level":"error","service":"user-service"}
